<?xml version="1.0" encoding="UTF-8" ?>
<testsuite tests="1" failures="0" name="Avaliacao.AvaliacaoTDD.AppTest" time="0.002" errors="0" skipped="0">
  <properties>
    <property name="java.runtime.name" value="Java(TM) SE Runtime Environment"/>
    <property name="java.vm.version" value="13.0.1+9"/>
    <property name="sun.boot.library.path" value="C:\Program Files\Java\jdk-13.0.1\bin"/>
    <property name="maven.multiModuleProjectDirectory" value="C:\Users\rodrigo.vilhena\Documents\AvaliacaoTDD\AvaliacaoTDD"/>
    <property name="java.vm.vendor" value="Oracle Corporation"/>
    <property name="java.vendor.url" value="https://java.oracle.com/"/>
    <property name="guice.disable.misplaced.annotation.check" value="true"/>
    <property name="path.separator" value=";"/>
    <property name="java.vm.name" value="Java HotSpot(TM) 64-Bit Server VM"/>
    <property name="sun.os.patch.level" value=""/>
    <property name="user.script" value=""/>
    <property name="user.country" value="BR"/>
    <property name="sun.java.launcher" value="SUN_STANDARD"/>
    <property name="java.vm.specification.name" value="Java Virtual Machine Specification"/>
    <property name="user.dir" value="C:\Users\rodrigo.vilhena\Documents\AvaliacaoTDD\AvaliacaoTDD"/>
    <property name="java.vm.compressedOopsMode" value="Zero based"/>
    <property name="java.runtime.version" value="13.0.1+9"/>
    <property name="os.arch" value="amd64"/>
    <property name="java.io.tmpdir" value="C:\Users\RODRIG~1.VIL\AppData\Local\Temp\"/>
    <property name="line.separator" value="
"/>
    <property name="java.vm.specification.vendor" value="Oracle Corporation"/>
    <property name="user.variant" value=""/>
    <property name="os.name" value="Windows 10"/>
    <property name="classworlds.conf" value="C:\Users\rodrigo.vilhena\Documents\Tools QA\.metadata\.plugins\org.eclipse.m2e.launching\launches\m2conf5059966177790800524.tmp"/>
    <property name="sun.jnu.encoding" value="Cp1252"/>
    <property name="java.library.path" value="C:\Program Files\Java\jdk-13.0.1\bin;C:\Windows\Sun\Java\bin;C:\Windows\system32;C:\Windows;C:/Program Files/Java/jdk-13.0.1/bin/server;C:/Program Files/Java/jdk-13.0.1/bin;C:\Python27\;C:\Python27\Scripts;C:\Windows\system32;C:\Windows;C:\Windows\System32\Wbem;C:\Windows\System32\WindowsPowerShell\v1.0\;C:\Windows\System32\OpenSSH\;C:\Users\rodrigo.vilhena\Documents\Maven\bin;C:\Program Files\Java\jdk-13.0.1\bin;C:\Users\rodrigo.vilhena\Documents\mysql-5.6.24-winx64\mysql-5.6.24-winx64\bin;C:\;C:\ProgramData\chocolatey\bin;C:\Program Files (x86)\Yarn\bin\;C:\sqlite3;C:\Users\rodrigo.vilhena\Documents\QA;C:\tools\apache-ant-1.9.14;C:\tools\apache-ant-1.9.14\bin;C:\Program Files\Git\cmd;C:\Users\rodrigo.vilhena\Documents\QA;C:\Program Files (x86)\Intel\Intel(R) Management Engine Components\DAL;C:\Program Files\Intel\Intel(R) Management Engine Components\DAL;C:\Ruby\bin;C:\Users\rodrigo.vilhena\AppData\Local\Microsoft\WindowsApps;C:\Users\rodrigo.vilhena\AppData\Local\Programs\Microsoft VS Code\bin;C:\Users\rodrigo.vilhena\AppData\Roaming\npm;C:\Users\rodrigo.vilhena\AppData\Local\Yarn\bin;C:\tools\apache-ant-1.9.14\bin;;C:\Users\rodrigo.vilhena\Desktop;;."/>
    <property name="jdk.debug" value="release"/>
    <property name="java.class.version" value="57.0"/>
    <property name="java.specification.name" value="Java Platform API Specification"/>
    <property name="sun.management.compiler" value="HotSpot 64-Bit Tiered Compilers"/>
    <property name="os.version" value="10.0"/>
    <property name="user.home" value="C:\Users\rodrigo.vilhena"/>
    <property name="user.timezone" value="America/Sao_Paulo"/>
    <property name="file.encoding" value="Cp1252"/>
    <property name="java.specification.version" value="13"/>
    <property name="user.name" value="rodrigo.vilhena"/>
    <property name="java.class.path" value="C:\Users\rodrigo.vilhena\.p2\pool\plugins\org.eclipse.m2e.maven.runtime_1.13.0.20190716-1623\jars\plexus-classworlds-2.6.0.jar"/>
    <property name="java.vm.specification.version" value="13"/>
    <property name="sun.arch.data.model" value="64"/>
    <property name="sun.java.command" value="org.codehaus.plexus.classworlds.launcher.Launcher -B test"/>
    <property name="java.home" value="C:\Program Files\Java\jdk-13.0.1"/>
    <property name="user.language" value="pt"/>
    <property name="java.specification.vendor" value="Oracle Corporation"/>
    <property name="java.vm.info" value="mixed mode, sharing"/>
    <property name="java.version" value="13.0.1"/>
    <property name="java.vendor" value="Oracle Corporation"/>
    <property name="maven.home" value="C:\Users\rodrigo.vilhena\Documents\AvaliacaoTDD\AvaliacaoTDD\EMBEDDED"/>
    <property name="file.separator" value="\"/>
    <property name="java.version.date" value="2019-10-15"/>
    <property name="java.vendor.url.bug" value="https://bugreport.java.com/bugreport/"/>
    <property name="sun.io.unicode.encoding" value="UnicodeLittle"/>
    <property name="sun.cpu.endian" value="little"/>
    <property name="sun.cpu.isalist" value="amd64"/>
  </properties>
  <testcase classname="Avaliacao.AvaliacaoTDD.AppTest" name="testApp" time="0.002"/>
</testsuite>