<?xml version="1.0" encoding="UTF-8"?>
<!-- Generated by org.testng.reporters.JUnitReportReporter -->
<testsuite hostname="RSI1517" failures="0" tests="2" name="br.com.rsinet.hub_tdd.test.teste_consulta" time="24.422" errors="0" timestamp="2020-01-21T08:28:42 BRT" skipped="0">
  <testcase classname="br.com.rsinet.hub_tdd.test.teste_consulta" name="Teste_Busca_Negativo" time="12.522"/>
  <testcase classname="br.com.rsinet.hub_tdd.test.teste_consulta" name="Teste_Busca" time="11.900"/>
</testsuite> <!-- br.com.rsinet.hub_tdd.test.teste_consulta -->
