<?xml version="1.0" encoding="UTF-8"?>
<!-- Generated by org.testng.reporters.JUnitReportReporter -->
<testsuite hostname="RSI1517" failures="0" tests="2" name="br.com.rsinet.hub_tdd.test.teste_pesquisa" time="27.126" errors="0" timestamp="2020-01-22T09:01:45 BRT" skipped="0">
  <testcase classname="br.com.rsinet.hub_tdd.test.teste_pesquisa" name="Teste_Pesquisa" time="14.322"/>
  <testcase classname="br.com.rsinet.hub_tdd.test.teste_pesquisa" name="Teste_Pesquisa_Negativo" time="12.804"/>
</testsuite> <!-- br.com.rsinet.hub_tdd.test.teste_pesquisa -->
