<?xml version="1.0" encoding="UTF-8"?>
<!-- Generated by org.testng.reporters.JUnitReportReporter -->
<testsuite hostname="RSI1517" failures="0" tests="2" name="br.com.rsinet.hub_tdd.test.teste_pesquisa" time="24.629" errors="0" timestamp="2020-01-20T09:18:00 BRT" skipped="0">
  <testcase classname="br.com.rsinet.hub_tdd.test.teste_pesquisa" name="Teste_Pesquisa_Negativo" time="12.278"/>
  <testcase classname="br.com.rsinet.hub_tdd.test.teste_pesquisa" name="Teste_Pesquisa" time="12.351"/>
</testsuite> <!-- br.com.rsinet.hub_tdd.test.teste_pesquisa -->
