<?xml version="1.0" encoding="UTF-8"?>
<!-- Generated by org.testng.reporters.JUnitReportReporter -->
<testsuite hostname="RSI1517" failures="0" tests="2" name="br.com.rsinet.hub_tdd.test.teste_cadastro" time="34.450" errors="0" timestamp="2020-01-28T14:48:17 BRT" skipped="0">
  <testcase classname="br.com.rsinet.hub_tdd.test.teste_cadastro" name="Teste_NaoConfirma" time="16.124"/>
  <testcase classname="br.com.rsinet.hub_tdd.test.teste_cadastro" name="Teste_Confirma" time="18.326"/>
</testsuite> <!-- br.com.rsinet.hub_tdd.test.teste_cadastro -->
