<?xml version="1.0" encoding="UTF-8"?>
<!-- Generated by org.testng.reporters.JUnitReportReporter -->
<testsuite hostname="RSI1517" failures="0" tests="2" name="br.com.rsinet.hub_tdd.test.teste_cadastro" time="32.364" errors="0" timestamp="2020-01-22T08:51:19 BRT" skipped="0">
  <testcase classname="br.com.rsinet.hub_tdd.test.teste_cadastro" name="Teste_Confirma" time="16.432"/>
  <testcase classname="br.com.rsinet.hub_tdd.test.teste_cadastro" name="Teste_NaoConfirma" time="15.932"/>
</testsuite> <!-- br.com.rsinet.hub_tdd.test.teste_cadastro -->
